Using pre-set license
Built from '2020.2/staging' branch; Version is '2020.2.6f1 (8a2143876886) revision 9052483'; Using compiler version '192528614'; Build Type 'Release'
OS: 'Windows 10 Home; OS build 19041.867; Version 2004; 64bit' Language: 'en' Physical Memory: 8112 MB
BatchMode: 1, IsHumanControllingUs: 0, StartBugReporterOnCrash: 0, Is64bit: 1, IsPro: 0

 COMMAND LINE ARGUMENTS:
C:\Program Files\Unity\Hub\Editor\2020.2.6f1\Editor\Unity.exe
-adb2
-batchMode
-noUpm
-name
AssetImportWorker0
-projectPath
D:/Unity/Projects/Game Development Courses/Insaquarium Deluxe Clone
-logFile
Logs/AssetImportWorker0.log
-srvPort
52591
Successfully changed project path to: D:/Unity/Projects/Game Development Courses/Insaquarium Deluxe Clone
D:/Unity/Projects/Game Development Courses/Insaquarium Deluxe Clone
Using Asset Import Pipeline V2.
Refreshing native plugins compatible for Editor in 27.95 ms, found 0 plugins.
Preloading 0 native plugins for Editor in 0.00 ms.
Initialize engine version: 2020.2.6f1 (8a2143876886)
[Subsystems] Discovering subsystems at path C:/Program Files/Unity/Hub/Editor/2020.2.6f1/Editor/Data/Resources/UnitySubsystems
[Subsystems] Discovering subsystems at path D:/Unity/Projects/Game Development Courses/Insaquarium Deluxe Clone/Assets
GfxDevice: creating device client; threaded=0
Direct3D:
    Version:  Direct3D 11.0 [level 11.1]
    Renderer: NVIDIA GeForce RTX 2070 SUPER (ID=0x1e84)
    Vendor:   
    VRAM:     8011 MB
    Driver:   27.21.14.6109
Initialize mono
Mono path[0] = 'C:/Program Files/Unity/Hub/Editor/2020.2.6f1/Editor/Data/Managed'
Mono path[1] = 'C:/Program Files/Unity/Hub/Editor/2020.2.6f1/Editor/Data/MonoBleedingEdge/lib/mono/unityjit'
Mono config path = 'C:/Program Files/Unity/Hub/Editor/2020.2.6f1/Editor/Data/MonoBleedingEdge/etc'
Using monoOptions --debugger-agent=transport=dt_socket,embedding=1,server=y,suspend=n,address=127.0.0.1:56808
Begin MonoManager ReloadAssembly
Registering precompiled unity dll's ...
Register platform support module: C:/Program Files/Unity/Hub/Editor/2020.2.6f1/Editor/Data/PlaybackEngines/WindowsStandaloneSupport/UnityEditor.WindowsStandalone.Extensions.dll
Registered in 0.001403 seconds.
Native extension for WindowsStandalone target not found
Refreshing native plugins compatible for Editor in 25.37 ms, found 0 plugins.
Preloading 0 native plugins for Editor in 0.00 ms.
Invoked RoslynAnalysisRunner static constructor.
RoslynAnalysisRunner will not be running.
RoslynAnalysisRunner has terminated.
Mono: successfully reloaded assembly
- Completed reload, in  1.367 seconds
Platform modules already initialized, skipping
Registering precompiled user dll's ...
Registered in 0.001032 seconds.
Begin MonoManager ReloadAssembly
Native extension for WindowsStandalone target not found
Refreshing native plugins compatible for Editor in 0.47 ms, found 0 plugins.
Preloading 0 native plugins for Editor in 0.00 ms.
Invoked RoslynAnalysisRunner static constructor.
RoslynAnalysisRunner will not be running.
RoslynAnalysisRunner has terminated.
Mono: successfully reloaded assembly
- Completed reload, in  0.737 seconds
Platform modules already initialized, skipping
========================================================================
Worker process is ready to serve import requests
Launched and connected shader compiler UnityShaderCompiler.exe after 0.05 seconds
Refreshing native plugins compatible for Editor in 0.33 ms, found 0 plugins.
Preloading 0 native plugins for Editor in 0.00 ms.
Unloading 1435 Unused Serialized files (Serialized files now loaded: 0)
System memory in use before: 66.7 MB.
System memory in use after: 66.8 MB.

Unloading 33 unused Assets to reduce memory usage. Loaded Objects now: 1864.
Total: 1.947800 ms (FindLiveObjects: 0.316700 ms CreateObjectMapping: 0.080700 ms MarkObjects: 1.491100 ms  DeleteObjects: 0.057800 ms)

========================================================================
Received Import Request.
  path: Assets/Scripts/Food/Food.cs
  artifactKey: Guid(4d880c7d58b98574fae259ca5ba02f00) Importer(815301076,1909f56bfc062723c751e8b465ee728b)
Start importing Assets/Scripts/Food/Food.cs using Guid(4d880c7d58b98574fae259ca5ba02f00) Importer(815301076,1909f56bfc062723c751e8b465ee728b)  -> (artifact id: '11cee5bfe6fa72fab1a9078144151062') in 0.016536 seconds
  Import took 0.034411 seconds .

========================================================================
Received Import Request.
  Time since last request: 0.000257 seconds.
  path: Assets/Scripts/Food/Statuses.cs
  artifactKey: Guid(0815b1918e841f242996c422bf7f6474) Importer(815301076,1909f56bfc062723c751e8b465ee728b)
Start importing Assets/Scripts/Food/Statuses.cs using Guid(0815b1918e841f242996c422bf7f6474) Importer(815301076,1909f56bfc062723c751e8b465ee728b)  -> (artifact id: '07bf623da926cec5400da9945994e53d') in 0.001304 seconds
  Import took 0.006641 seconds .

========================================================================
Received Prepare
Registering precompiled user dll's ...
Registered in 0.001501 seconds.
Begin MonoManager ReloadAssembly
Native extension for WindowsStandalone target not found
Refreshing native plugins compatible for Editor in 0.35 ms, found 0 plugins.
Preloading 0 native plugins for Editor in 0.00 ms.
Invoked RoslynAnalysisRunner static constructor.
RoslynAnalysisRunner will not be running.
RoslynAnalysisRunner has terminated.
Mono: successfully reloaded assembly
- Completed reload, in  0.670 seconds
Platform modules already initialized, skipping
Refreshing native plugins compatible for Editor in 0.35 ms, found 0 plugins.
Preloading 0 native plugins for Editor in 0.00 ms.
Unloading 1416 Unused Serialized files (Serialized files now loaded: 0)
System memory in use before: 65.7 MB.
System memory in use after: 65.8 MB.

Unloading 24 unused Assets to reduce memory usage. Loaded Objects now: 1866.
Total: 1.998400 ms (FindLiveObjects: 0.342600 ms CreateObjectMapping: 0.099000 ms MarkObjects: 1.540000 ms  DeleteObjects: 0.015800 ms)

========================================================================
Received Import Request.
  Time since last request: 66.032805 seconds.
  path: Assets/Scripts/Food/IBuff.cs
  artifactKey: Guid(aca6efd3eb358a549b269b2ee59501c6) Importer(815301076,1909f56bfc062723c751e8b465ee728b)
Start importing Assets/Scripts/Food/IBuff.cs using Guid(aca6efd3eb358a549b269b2ee59501c6) Importer(815301076,1909f56bfc062723c751e8b465ee728b)  -> (artifact id: '58246a26a4bd02276afeb1431e4c5f6c') in 0.006774 seconds
  Import took 0.009563 seconds .

========================================================================
Received Prepare
Registering precompiled user dll's ...
Registered in 0.001006 seconds.
Begin MonoManager ReloadAssembly
Native extension for WindowsStandalone target not found
Refreshing native plugins compatible for Editor in 0.35 ms, found 0 plugins.
Preloading 0 native plugins for Editor in 0.00 ms.
Invoked RoslynAnalysisRunner static constructor.
RoslynAnalysisRunner will not be running.
RoslynAnalysisRunner has terminated.
Mono: successfully reloaded assembly
- Completed reload, in  0.689 seconds
Platform modules already initialized, skipping
Refreshing native plugins compatible for Editor in 0.36 ms, found 0 plugins.
Preloading 0 native plugins for Editor in 0.00 ms.
Unloading 1417 Unused Serialized files (Serialized files now loaded: 0)
System memory in use before: 65.7 MB.
System memory in use after: 65.8 MB.

Unloading 24 unused Assets to reduce memory usage. Loaded Objects now: 1869.
Total: 1.540100 ms (FindLiveObjects: 0.175500 ms CreateObjectMapping: 0.047300 ms MarkObjects: 1.299900 ms  DeleteObjects: 0.016400 ms)

========================================================================
Received Prepare
Registering precompiled user dll's ...
Registered in 0.001026 seconds.
Begin MonoManager ReloadAssembly
Native extension for WindowsStandalone target not found
Refreshing native plugins compatible for Editor in 0.43 ms, found 0 plugins.
Preloading 0 native plugins for Editor in 0.00 ms.
Invoked RoslynAnalysisRunner static constructor.
RoslynAnalysisRunner will not be running.
RoslynAnalysisRunner has terminated.
Mono: successfully reloaded assembly
- Completed reload, in  0.668 seconds
Platform modules already initialized, skipping
Refreshing native plugins compatible for Editor in 0.34 ms, found 0 plugins.
Preloading 0 native plugins for Editor in 0.00 ms.
Unloading 1416 Unused Serialized files (Serialized files now loaded: 0)
System memory in use before: 65.7 MB.
System memory in use after: 65.8 MB.

Unloading 24 unused Assets to reduce memory usage. Loaded Objects now: 1871.
Total: 1.818500 ms (FindLiveObjects: 0.255400 ms CreateObjectMapping: 0.079000 ms MarkObjects: 1.467100 ms  DeleteObjects: 0.014700 ms)

========================================================================
Received Import Request.
  Time since last request: 24.944026 seconds.
  path: Assets/Scripts/Food/IStatus.cs
  artifactKey: Guid(ec0a68326a7fa78498c70881b4c6f9a2) Importer(815301076,1909f56bfc062723c751e8b465ee728b)
Start importing Assets/Scripts/Food/IStatus.cs using Guid(ec0a68326a7fa78498c70881b4c6f9a2) Importer(815301076,1909f56bfc062723c751e8b465ee728b)  -> (artifact id: '592ba65ca731e177abeb26ccfb3715e1') in 0.009273 seconds
  Import took 0.011683 seconds .

========================================================================
Received Prepare
Registering precompiled user dll's ...
Registered in 0.001179 seconds.
Begin MonoManager ReloadAssembly
Native extension for WindowsStandalone target not found
Refreshing native plugins compatible for Editor in 0.44 ms, found 0 plugins.
Preloading 0 native plugins for Editor in 0.00 ms.
Invoked RoslynAnalysisRunner static constructor.
RoslynAnalysisRunner will not be running.
RoslynAnalysisRunner has terminated.
Mono: successfully reloaded assembly
- Completed reload, in  0.694 seconds
Platform modules already initialized, skipping
Refreshing native plugins compatible for Editor in 0.37 ms, found 0 plugins.
Preloading 0 native plugins for Editor in 0.00 ms.
Unloading 1417 Unused Serialized files (Serialized files now loaded: 0)
System memory in use before: 65.8 MB.
System memory in use after: 65.9 MB.

Unloading 24 unused Assets to reduce memory usage. Loaded Objects now: 1874.
Total: 1.681100 ms (FindLiveObjects: 0.351500 ms CreateObjectMapping: 0.051200 ms MarkObjects: 1.261700 ms  DeleteObjects: 0.015400 ms)

========================================================================
Received Prepare
Registering precompiled user dll's ...
Registered in 0.001182 seconds.
Begin MonoManager ReloadAssembly
Native extension for WindowsStandalone target not found
Refreshing native plugins compatible for Editor in 0.57 ms, found 0 plugins.
Preloading 0 native plugins for Editor in 0.00 ms.
Invoked RoslynAnalysisRunner static constructor.
RoslynAnalysisRunner will not be running.
RoslynAnalysisRunner has terminated.
Mono: successfully reloaded assembly
- Completed reload, in  0.669 seconds
Platform modules already initialized, skipping
Refreshing native plugins compatible for Editor in 0.37 ms, found 0 plugins.
Preloading 0 native plugins for Editor in 0.00 ms.
Unloading 1417 Unused Serialized files (Serialized files now loaded: 0)
System memory in use before: 65.8 MB.
System memory in use after: 65.9 MB.

Unloading 24 unused Assets to reduce memory usage. Loaded Objects now: 1876.
Total: 1.629500 ms (FindLiveObjects: 0.209100 ms CreateObjectMapping: 0.058900 ms MarkObjects: 1.344700 ms  DeleteObjects: 0.015900 ms)

========================================================================
Received Import Request.
  Time since last request: 209.803025 seconds.
  path: Assets/Scripts/Food/IStatus.cs
  artifactKey: Guid(ec0a68326a7fa78498c70881b4c6f9a2) Importer(815301076,1909f56bfc062723c751e8b465ee728b)
Start importing Assets/Scripts/Food/IStatus.cs using Guid(ec0a68326a7fa78498c70881b4c6f9a2) Importer(815301076,1909f56bfc062723c751e8b465ee728b)  -> (artifact id: '86d9e5246405d561a1e7a25a0520f912') in 0.006287 seconds
  Import took 0.027657 seconds .

========================================================================
Received Import Request.
  Time since last request: 6.607013 seconds.
  path: Assets/Scripts/Food/FoodStatus
  artifactKey: Guid(107a82383bfc5bd408c875bf462993c5) Importer(815301076,1909f56bfc062723c751e8b465ee728b)
Start importing Assets/Scripts/Food/FoodStatus using Guid(107a82383bfc5bd408c875bf462993c5) Importer(815301076,1909f56bfc062723c751e8b465ee728b)  -> (artifact id: '6e2a8ac41904d39312c83c148387b4d9') in 0.005553 seconds
  Import took 0.012780 seconds .

========================================================================
Received Prepare
Registering precompiled user dll's ...
Registered in 0.001641 seconds.
Begin MonoManager ReloadAssembly
Native extension for WindowsStandalone target not found
Refreshing native plugins compatible for Editor in 0.47 ms, found 0 plugins.
Preloading 0 native plugins for Editor in 0.00 ms.
Invoked RoslynAnalysisRunner static constructor.
RoslynAnalysisRunner will not be running.
RoslynAnalysisRunner has terminated.
Mono: successfully reloaded assembly
- Completed reload, in  0.687 seconds
Platform modules already initialized, skipping
Refreshing native plugins compatible for Editor in 0.35 ms, found 0 plugins.
Preloading 0 native plugins for Editor in 0.00 ms.
Unloading 1417 Unused Serialized files (Serialized files now loaded: 0)
System memory in use before: 65.8 MB.
System memory in use after: 65.9 MB.

Unloading 24 unused Assets to reduce memory usage. Loaded Objects now: 1878.
Total: 1.402700 ms (FindLiveObjects: 0.153900 ms CreateObjectMapping: 0.045500 ms MarkObjects: 1.187700 ms  DeleteObjects: 0.014600 ms)

========================================================================
Received Import Request.
  Time since last request: 18.746621 seconds.
  path: Assets/Scripts/Food/FoodStatus/SpeedStatus.cs
  artifactKey: Guid(37eeeb3777741c343a223b9898baedb8) Importer(815301076,1909f56bfc062723c751e8b465ee728b)
Start importing Assets/Scripts/Food/FoodStatus/SpeedStatus.cs using Guid(37eeeb3777741c343a223b9898baedb8) Importer(815301076,1909f56bfc062723c751e8b465ee728b)  -> (artifact id: 'f3c36c590be0d02c1641b4f83474929d') in 0.008875 seconds
  Import took 0.024633 seconds .

========================================================================
Received Prepare
Registering precompiled user dll's ...
Registered in 0.001062 seconds.
Begin MonoManager ReloadAssembly
Native extension for WindowsStandalone target not found
Refreshing native plugins compatible for Editor in 0.35 ms, found 0 plugins.
Preloading 0 native plugins for Editor in 0.00 ms.
Invoked RoslynAnalysisRunner static constructor.
RoslynAnalysisRunner will not be running.
RoslynAnalysisRunner has terminated.
Mono: successfully reloaded assembly
- Completed reload, in  0.677 seconds
Platform modules already initialized, skipping
Refreshing native plugins compatible for Editor in 0.34 ms, found 0 plugins.
Preloading 0 native plugins for Editor in 0.00 ms.
Unloading 1418 Unused Serialized files (Serialized files now loaded: 0)
System memory in use before: 65.8 MB.
System memory in use after: 65.9 MB.

Unloading 24 unused Assets to reduce memory usage. Loaded Objects now: 1881.
Total: 1.696700 ms (FindLiveObjects: 0.179100 ms CreateObjectMapping: 0.048100 ms MarkObjects: 1.452100 ms  DeleteObjects: 0.016200 ms)

========================================================================
Received Import Request.
  Time since last request: 73.220300 seconds.
  path: Assets/Scripts/Food/FoodStatus/SpeedStatus.cs
  artifactKey: Guid(37eeeb3777741c343a223b9898baedb8) Importer(815301076,1909f56bfc062723c751e8b465ee728b)
Start importing Assets/Scripts/Food/FoodStatus/SpeedStatus.cs using Guid(37eeeb3777741c343a223b9898baedb8) Importer(815301076,1909f56bfc062723c751e8b465ee728b)  -> (artifact id: '17f2aa7481d8a7262a14d9a2ea6da72b') in 0.005508 seconds
  Import took 0.027171 seconds .

========================================================================
Received Import Request.
  Time since last request: 22.184296 seconds.
  path: Assets/Prefabs/Fish/Goldfish.prefab
  artifactKey: Guid(228c90d8a5afc91468275178dab6e2d1) Importer(815301076,1909f56bfc062723c751e8b465ee728b)
Start importing Assets/Prefabs/Fish/Goldfish.prefab using Guid(228c90d8a5afc91468275178dab6e2d1) Importer(815301076,1909f56bfc062723c751e8b465ee728b)  -> (artifact id: '1e235f9fe6d683d36257875c76669d23') in 0.237739 seconds
  Import took 0.255262 seconds .

========================================================================
Received Import Request.
  Time since last request: 324.578884 seconds.
  path: Assets/Prefabs/Fish/Goldfish.prefab
  artifactKey: Guid(228c90d8a5afc91468275178dab6e2d1) Importer(815301076,1909f56bfc062723c751e8b465ee728b)
Start importing Assets/Prefabs/Fish/Goldfish.prefab using Guid(228c90d8a5afc91468275178dab6e2d1) Importer(815301076,1909f56bfc062723c751e8b465ee728b)  -> (artifact id: '8284d84af0cabee953a7495e3aa0f01e') in 0.027847 seconds
  Import took 0.051654 seconds .

========================================================================
Received Prepare
Registering precompiled user dll's ...
Registered in 0.001147 seconds.
Begin MonoManager ReloadAssembly
Native extension for WindowsStandalone target not found
Refreshing native plugins compatible for Editor in 0.35 ms, found 0 plugins.
Preloading 0 native plugins for Editor in 0.00 ms.
Invoked RoslynAnalysisRunner static constructor.
RoslynAnalysisRunner will not be running.
RoslynAnalysisRunner has terminated.
Mono: successfully reloaded assembly
- Completed reload, in  0.673 seconds
Platform modules already initialized, skipping
Refreshing native plugins compatible for Editor in 0.35 ms, found 0 plugins.
Preloading 0 native plugins for Editor in 0.00 ms.
Unloading 1418 Unused Serialized files (Serialized files now loaded: 0)
System memory in use before: 69.0 MB.
System memory in use after: 69.1 MB.

Unloading 24 unused Assets to reduce memory usage. Loaded Objects now: 1890.
Total: 1.736100 ms (FindLiveObjects: 0.290200 ms CreateObjectMapping: 0.094600 ms MarkObjects: 1.332800 ms  DeleteObjects: 0.017200 ms)

========================================================================
Received Import Request.
  Time since last request: 278.718808 seconds.
  path: Assets/Prefabs/Fish/Goldfish.prefab
  artifactKey: Guid(228c90d8a5afc91468275178dab6e2d1) Importer(815301076,1909f56bfc062723c751e8b465ee728b)
Start importing Assets/Prefabs/Fish/Goldfish.prefab using Guid(228c90d8a5afc91468275178dab6e2d1) Importer(815301076,1909f56bfc062723c751e8b465ee728b)  -> (artifact id: '316e1e1abd84a8148f1f6e10df7baaaf') in 0.045960 seconds
  Import took 0.048770 seconds .

